<?xml version="1.0" encoding="UTF-8"?>
<!-- Generated by org.testng.reporters.JUnitXMLReporter -->
<testsuite ignored="0" hostname="LAPTOP-RHEKKJV4" failures="1" tests="4" name="SalesForceLeadTest" time="60.124" errors="0" timestamp="2024-10-23T20:01:37 EDT">
  <testcase classname="com.automation.test.LeadScripts" name="check_LeadTabLink" time="8.288"/>
  <testcase classname="com.automation.test.LeadScripts" name="new_TodaysLeadSave" time="7.961"/>
  <testcase classname="com.automation.test.LeadScripts" name="select_TodaysLead" time="10.3"/>
  <testcase classname="com.automation.test.LeadScripts" name="check_LeadsSelectView" time="6.635">
    <failure type="java.lang.ClassCastException" message="class com.automation.pages.leadPage.LeadPage cannot be cast to class org.openqa.selenium.WebElement (com.automation.pages.leadPage.LeadPage and org.openqa.selenium.WebElement are in unnamed module of loader &amp;apos;app&amp;apos;)">
      <![CDATA[java.lang.ClassCastException: class com.automation.pages.leadPage.LeadPage cannot be cast to class org.openqa.selenium.WebElement (com.automation.pages.leadPage.LeadPage and org.openqa.selenium.WebElement are in unnamed module of loader 'app')
at com.automation.test.LeadScripts.check_LeadsSelectView(LeadScripts.java:69)
at java.base/java.util.ArrayList.forEach(ArrayList.java:1511)
... Removed 31 stack frames]]>
    </failure>
  </testcase> <!-- check_LeadsSelectView -->
</testsuite> <!-- SalesForceLeadTest -->
