<?xml version="1.0" encoding="UTF-8"?>
<testsuite xmlns:xsi="http://www.w3.org/2001/XMLSchema-instance" xsi:noNamespaceSchemaLocation="https://maven.apache.org/surefire/maven-surefire-plugin/xsd/surefire-test-report-3.0.xsd" version="3.0" name="TestSuite" time="159.392" tests="11" errors="0" skipped="0" failures="1">
  <properties>
    <property name="java.specification.version" value="17"/>
    <property name="webdriver.chrome.driver" value="C:\Users\tirus\.cache\selenium\chromedriver\win64\129.0.6668.100\chromedriver.exe"/>
    <property name="sun.cpu.isalist" value="amd64"/>
    <property name="sun.jnu.encoding" value="Cp1252"/>
    <property name="java.class.path" value="C:\Suguna\Interview\04252024-workspace\SeleniumAutomationSalesForcePOM\target\test-classes;C:\Suguna\Interview\04252024-workspace\SeleniumAutomationSalesForcePOM\target\classes;C:\Users\tirus\.m2\repository\org\seleniumhq\selenium\selenium-java\3.141.59\selenium-java-3.141.59.jar;C:\Users\tirus\.m2\repository\org\seleniumhq\selenium\selenium-api\3.141.59\selenium-api-3.141.59.jar;C:\Users\tirus\.m2\repository\org\seleniumhq\selenium\selenium-chrome-driver\3.141.59\selenium-chrome-driver-3.141.59.jar;C:\Users\tirus\.m2\repository\org\seleniumhq\selenium\selenium-edge-driver\3.141.59\selenium-edge-driver-3.141.59.jar;C:\Users\tirus\.m2\repository\org\seleniumhq\selenium\selenium-firefox-driver\3.141.59\selenium-firefox-driver-3.141.59.jar;C:\Users\tirus\.m2\repository\org\seleniumhq\selenium\selenium-ie-driver\3.141.59\selenium-ie-driver-3.141.59.jar;C:\Users\tirus\.m2\repository\org\seleniumhq\selenium\selenium-opera-driver\3.141.59\selenium-opera-driver-3.141.59.jar;C:\Users\tirus\.m2\repository\org\seleniumhq\selenium\selenium-remote-driver\3.141.59\selenium-remote-driver-3.141.59.jar;C:\Users\tirus\.m2\repository\org\seleniumhq\selenium\selenium-safari-driver\3.141.59\selenium-safari-driver-3.141.59.jar;C:\Users\tirus\.m2\repository\org\seleniumhq\selenium\selenium-support\3.141.59\selenium-support-3.141.59.jar;C:\Users\tirus\.m2\repository\net\bytebuddy\byte-buddy\1.8.15\byte-buddy-1.8.15.jar;C:\Users\tirus\.m2\repository\org\apache\commons\commons-exec\1.3\commons-exec-1.3.jar;C:\Users\tirus\.m2\repository\com\google\guava\guava\25.0-jre\guava-25.0-jre.jar;C:\Users\tirus\.m2\repository\com\google\code\findbugs\jsr305\1.3.9\jsr305-1.3.9.jar;C:\Users\tirus\.m2\repository\org\checkerframework\checker-compat-qual\2.0.0\checker-compat-qual-2.0.0.jar;C:\Users\tirus\.m2\repository\com\google\errorprone\error_prone_annotations\2.1.3\error_prone_annotations-2.1.3.jar;C:\Users\tirus\.m2\repository\com\google\j2objc\j2objc-annotations\1.1\j2objc-annotations-1.1.jar;C:\Users\tirus\.m2\repository\org\codehaus\mojo\animal-sniffer-annotations\1.14\animal-sniffer-annotations-1.14.jar;C:\Users\tirus\.m2\repository\com\squareup\okhttp3\okhttp\3.11.0\okhttp-3.11.0.jar;C:\Users\tirus\.m2\repository\com\squareup\okio\okio\1.14.0\okio-1.14.0.jar;C:\Users\tirus\.m2\repository\io\github\bonigarcia\webdrivermanager\5.9.2\webdrivermanager-5.9.2.jar;C:\Users\tirus\.m2\repository\org\slf4j\slf4j-api\2.0.13\slf4j-api-2.0.13.jar;C:\Users\tirus\.m2\repository\com\google\code\gson\gson\2.11.0\gson-2.11.0.jar;C:\Users\tirus\.m2\repository\com\github\docker-java\docker-java\3.4.0\docker-java-3.4.0.jar;C:\Users\tirus\.m2\repository\com\github\docker-java\docker-java-core\3.4.0\docker-java-core-3.4.0.jar;C:\Users\tirus\.m2\repository\com\github\docker-java\docker-java-api\3.4.0\docker-java-api-3.4.0.jar;C:\Users\tirus\.m2\repository\com\fasterxml\jackson\core\jackson-annotations\2.10.3\jackson-annotations-2.10.3.jar;C:\Users\tirus\.m2\repository\com\fasterxml\jackson\core\jackson-databind\2.10.3\jackson-databind-2.10.3.jar;C:\Users\tirus\.m2\repository\com\fasterxml\jackson\core\jackson-core\2.10.3\jackson-core-2.10.3.jar;C:\Users\tirus\.m2\repository\org\slf4j\jcl-over-slf4j\1.7.30\jcl-over-slf4j-1.7.30.jar;C:\Users\tirus\.m2\repository\com\github\docker-java\docker-java-transport-httpclient5\3.4.0\docker-java-transport-httpclient5-3.4.0.jar;C:\Users\tirus\.m2\repository\com\github\docker-java\docker-java-transport\3.4.0\docker-java-transport-3.4.0.jar;C:\Users\tirus\.m2\repository\net\java\dev\jna\jna\5.13.0\jna-5.13.0.jar;C:\Users\tirus\.m2\repository\org\brotli\dec\0.1.2\dec-0.1.2.jar;C:\Users\tirus\.m2\repository\org\apache\commons\commons-lang3\3.15.0\commons-lang3-3.15.0.jar;C:\Users\tirus\.m2\repository\org\apache\commons\commons-compress\1.26.2\commons-compress-1.26.2.jar;C:\Users\tirus\.m2\repository\org\apache\httpcomponents\client5\httpclient5\5.2.1\httpclient5-5.2.1.jar;C:\Users\tirus\.m2\repository\org\apache\httpcomponents\core5\httpcore5\5.2\httpcore5-5.2.jar;C:\Users\tirus\.m2\repository\org\apache\httpcomponents\core5\httpcore5-h2\5.2\httpcore5-h2-5.2.jar;C:\Users\tirus\.m2\repository\org\testng\testng\7.10.2\testng-7.10.2.jar;C:\Users\tirus\.m2\repository\com\beust\jcommander\1.82\jcommander-1.82.jar;C:\Users\tirus\.m2\repository\org\webjars\jquery\3.7.1\jquery-3.7.1.jar;C:\Users\tirus\.m2\repository\org\apache\poi\poi\5.3.0\poi-5.3.0.jar;C:\Users\tirus\.m2\repository\commons-codec\commons-codec\1.17.0\commons-codec-1.17.0.jar;C:\Users\tirus\.m2\repository\org\apache\commons\commons-collections4\4.4\commons-collections4-4.4.jar;C:\Users\tirus\.m2\repository\org\apache\commons\commons-math3\3.6.1\commons-math3-3.6.1.jar;C:\Users\tirus\.m2\repository\commons-io\commons-io\2.16.1\commons-io-2.16.1.jar;C:\Users\tirus\.m2\repository\com\zaxxer\SparseBitSet\1.3\SparseBitSet-1.3.jar;C:\Users\tirus\.m2\repository\org\apache\logging\log4j\log4j-api\2.23.1\log4j-api-2.23.1.jar;C:\Users\tirus\.m2\repository\org\apache\poi\poi-ooxml\5.3.0\poi-ooxml-5.3.0.jar;C:\Users\tirus\.m2\repository\org\apache\poi\poi-ooxml-lite\5.3.0\poi-ooxml-lite-5.3.0.jar;C:\Users\tirus\.m2\repository\org\apache\xmlbeans\xmlbeans\5.2.1\xmlbeans-5.2.1.jar;C:\Users\tirus\.m2\repository\com\github\virtuald\curvesapi\1.08\curvesapi-1.08.jar;C:\Users\tirus\.m2\repository\org\apache\logging\log4j\log4j-core\2.21.1\log4j-core-2.21.1.jar;C:\Users\tirus\.m2\repository\com\aventstack\extentreports\5.0.9\extentreports-5.0.9.jar;C:\Users\tirus\.m2\repository\io\reactivex\rxjava3\rxjava\3.0.4\rxjava-3.0.4.jar;C:\Users\tirus\.m2\repository\org\reactivestreams\reactive-streams\1.0.3\reactive-streams-1.0.3.jar;C:\Users\tirus\.m2\repository\org\freemarker\freemarker\2.3.30\freemarker-2.3.30.jar;C:\Users\tirus\.m2\repository\org\projectlombok\lombok\1.18.28\lombok-1.18.28.jar;"/>
    <property name="java.vm.vendor" value="Oracle Corporation"/>
    <property name="sun.arch.data.model" value="64"/>
    <property name="user.variant" value=""/>
    <property name="java.vendor.url" value="https://java.oracle.com/"/>
    <property name="user.timezone" value="America/New_York"/>
    <property name="os.name" value="Windows 11"/>
    <property name="java.vm.specification.version" value="17"/>
    <property name="sun.java.launcher" value="SUN_STANDARD"/>
    <property name="user.country" value="US"/>
    <property name="sun.boot.library.path" value="C:\Program Files\Java\jdk-17\bin"/>
    <property name="sun.java.command" value="C:\Users\tirus\AppData\Local\Temp\surefire6582285138296188320\surefirebooter-20241023195925556_3.jar C:\Users\tirus\AppData\Local\Temp\surefire6582285138296188320 2024-10-23T19-59-25_331-jvmRun1 surefire-20241023195925556_1tmp surefire_0-20241023195925556_2tmp"/>
    <property name="jdk.debug" value="release"/>
    <property name="surefire.test.class.path" value="C:\Suguna\Interview\04252024-workspace\SeleniumAutomationSalesForcePOM\target\test-classes;C:\Suguna\Interview\04252024-workspace\SeleniumAutomationSalesForcePOM\target\classes;C:\Users\tirus\.m2\repository\org\seleniumhq\selenium\selenium-java\3.141.59\selenium-java-3.141.59.jar;C:\Users\tirus\.m2\repository\org\seleniumhq\selenium\selenium-api\3.141.59\selenium-api-3.141.59.jar;C:\Users\tirus\.m2\repository\org\seleniumhq\selenium\selenium-chrome-driver\3.141.59\selenium-chrome-driver-3.141.59.jar;C:\Users\tirus\.m2\repository\org\seleniumhq\selenium\selenium-edge-driver\3.141.59\selenium-edge-driver-3.141.59.jar;C:\Users\tirus\.m2\repository\org\seleniumhq\selenium\selenium-firefox-driver\3.141.59\selenium-firefox-driver-3.141.59.jar;C:\Users\tirus\.m2\repository\org\seleniumhq\selenium\selenium-ie-driver\3.141.59\selenium-ie-driver-3.141.59.jar;C:\Users\tirus\.m2\repository\org\seleniumhq\selenium\selenium-opera-driver\3.141.59\selenium-opera-driver-3.141.59.jar;C:\Users\tirus\.m2\repository\org\seleniumhq\selenium\selenium-remote-driver\3.141.59\selenium-remote-driver-3.141.59.jar;C:\Users\tirus\.m2\repository\org\seleniumhq\selenium\selenium-safari-driver\3.141.59\selenium-safari-driver-3.141.59.jar;C:\Users\tirus\.m2\repository\org\seleniumhq\selenium\selenium-support\3.141.59\selenium-support-3.141.59.jar;C:\Users\tirus\.m2\repository\net\bytebuddy\byte-buddy\1.8.15\byte-buddy-1.8.15.jar;C:\Users\tirus\.m2\repository\org\apache\commons\commons-exec\1.3\commons-exec-1.3.jar;C:\Users\tirus\.m2\repository\com\google\guava\guava\25.0-jre\guava-25.0-jre.jar;C:\Users\tirus\.m2\repository\com\google\code\findbugs\jsr305\1.3.9\jsr305-1.3.9.jar;C:\Users\tirus\.m2\repository\org\checkerframework\checker-compat-qual\2.0.0\checker-compat-qual-2.0.0.jar;C:\Users\tirus\.m2\repository\com\google\errorprone\error_prone_annotations\2.1.3\error_prone_annotations-2.1.3.jar;C:\Users\tirus\.m2\repository\com\google\j2objc\j2objc-annotations\1.1\j2objc-annotations-1.1.jar;C:\Users\tirus\.m2\repository\org\codehaus\mojo\animal-sniffer-annotations\1.14\animal-sniffer-annotations-1.14.jar;C:\Users\tirus\.m2\repository\com\squareup\okhttp3\okhttp\3.11.0\okhttp-3.11.0.jar;C:\Users\tirus\.m2\repository\com\squareup\okio\okio\1.14.0\okio-1.14.0.jar;C:\Users\tirus\.m2\repository\io\github\bonigarcia\webdrivermanager\5.9.2\webdrivermanager-5.9.2.jar;C:\Users\tirus\.m2\repository\org\slf4j\slf4j-api\2.0.13\slf4j-api-2.0.13.jar;C:\Users\tirus\.m2\repository\com\google\code\gson\gson\2.11.0\gson-2.11.0.jar;C:\Users\tirus\.m2\repository\com\github\docker-java\docker-java\3.4.0\docker-java-3.4.0.jar;C:\Users\tirus\.m2\repository\com\github\docker-java\docker-java-core\3.4.0\docker-java-core-3.4.0.jar;C:\Users\tirus\.m2\repository\com\github\docker-java\docker-java-api\3.4.0\docker-java-api-3.4.0.jar;C:\Users\tirus\.m2\repository\com\fasterxml\jackson\core\jackson-annotations\2.10.3\jackson-annotations-2.10.3.jar;C:\Users\tirus\.m2\repository\com\fasterxml\jackson\core\jackson-databind\2.10.3\jackson-databind-2.10.3.jar;C:\Users\tirus\.m2\repository\com\fasterxml\jackson\core\jackson-core\2.10.3\jackson-core-2.10.3.jar;C:\Users\tirus\.m2\repository\org\slf4j\jcl-over-slf4j\1.7.30\jcl-over-slf4j-1.7.30.jar;C:\Users\tirus\.m2\repository\com\github\docker-java\docker-java-transport-httpclient5\3.4.0\docker-java-transport-httpclient5-3.4.0.jar;C:\Users\tirus\.m2\repository\com\github\docker-java\docker-java-transport\3.4.0\docker-java-transport-3.4.0.jar;C:\Users\tirus\.m2\repository\net\java\dev\jna\jna\5.13.0\jna-5.13.0.jar;C:\Users\tirus\.m2\repository\org\brotli\dec\0.1.2\dec-0.1.2.jar;C:\Users\tirus\.m2\repository\org\apache\commons\commons-lang3\3.15.0\commons-lang3-3.15.0.jar;C:\Users\tirus\.m2\repository\org\apache\commons\commons-compress\1.26.2\commons-compress-1.26.2.jar;C:\Users\tirus\.m2\repository\org\apache\httpcomponents\client5\httpclient5\5.2.1\httpclient5-5.2.1.jar;C:\Users\tirus\.m2\repository\org\apache\httpcomponents\core5\httpcore5\5.2\httpcore5-5.2.jar;C:\Users\tirus\.m2\repository\org\apache\httpcomponents\core5\httpcore5-h2\5.2\httpcore5-h2-5.2.jar;C:\Users\tirus\.m2\repository\org\testng\testng\7.10.2\testng-7.10.2.jar;C:\Users\tirus\.m2\repository\com\beust\jcommander\1.82\jcommander-1.82.jar;C:\Users\tirus\.m2\repository\org\webjars\jquery\3.7.1\jquery-3.7.1.jar;C:\Users\tirus\.m2\repository\org\apache\poi\poi\5.3.0\poi-5.3.0.jar;C:\Users\tirus\.m2\repository\commons-codec\commons-codec\1.17.0\commons-codec-1.17.0.jar;C:\Users\tirus\.m2\repository\org\apache\commons\commons-collections4\4.4\commons-collections4-4.4.jar;C:\Users\tirus\.m2\repository\org\apache\commons\commons-math3\3.6.1\commons-math3-3.6.1.jar;C:\Users\tirus\.m2\repository\commons-io\commons-io\2.16.1\commons-io-2.16.1.jar;C:\Users\tirus\.m2\repository\com\zaxxer\SparseBitSet\1.3\SparseBitSet-1.3.jar;C:\Users\tirus\.m2\repository\org\apache\logging\log4j\log4j-api\2.23.1\log4j-api-2.23.1.jar;C:\Users\tirus\.m2\repository\org\apache\poi\poi-ooxml\5.3.0\poi-ooxml-5.3.0.jar;C:\Users\tirus\.m2\repository\org\apache\poi\poi-ooxml-lite\5.3.0\poi-ooxml-lite-5.3.0.jar;C:\Users\tirus\.m2\repository\org\apache\xmlbeans\xmlbeans\5.2.1\xmlbeans-5.2.1.jar;C:\Users\tirus\.m2\repository\com\github\virtuald\curvesapi\1.08\curvesapi-1.08.jar;C:\Users\tirus\.m2\repository\org\apache\logging\log4j\log4j-core\2.21.1\log4j-core-2.21.1.jar;C:\Users\tirus\.m2\repository\com\aventstack\extentreports\5.0.9\extentreports-5.0.9.jar;C:\Users\tirus\.m2\repository\io\reactivex\rxjava3\rxjava\3.0.4\rxjava-3.0.4.jar;C:\Users\tirus\.m2\repository\org\reactivestreams\reactive-streams\1.0.3\reactive-streams-1.0.3.jar;C:\Users\tirus\.m2\repository\org\freemarker\freemarker\2.3.30\freemarker-2.3.30.jar;C:\Users\tirus\.m2\repository\org\projectlombok\lombok\1.18.28\lombok-1.18.28.jar;"/>
    <property name="sun.cpu.endian" value="little"/>
    <property name="user.home" value="C:\Users\tirus"/>
    <property name="user.language" value="en"/>
    <property name="java.specification.vendor" value="Oracle Corporation"/>
    <property name="java.version.date" value="2023-04-18"/>
    <property name="java.home" value="C:\Program Files\Java\jdk-17"/>
    <property name="file.separator" value="\"/>
    <property name="basedir" value="C:\Suguna\Interview\04252024-workspace\SeleniumAutomationSalesForcePOM"/>
    <property name="java.vm.compressedOopsMode" value="Zero based"/>
    <property name="line.separator" value="&#10;"/>
    <property name="java.vm.specification.vendor" value="Oracle Corporation"/>
    <property name="java.specification.name" value="Java Platform API Specification"/>
    <property name="surefire.real.class.path" value="C:\Users\tirus\AppData\Local\Temp\surefire6582285138296188320\surefirebooter-20241023195925556_3.jar"/>
    <property name="user.script" value=""/>
    <property name="sun.management.compiler" value="HotSpot 64-Bit Tiered Compilers"/>
    <property name="java.runtime.version" value="17.0.7+8-LTS-224"/>
    <property name="user.name" value="tirus"/>
    <property name="path.separator" value=";"/>
    <property name="os.version" value="10.0"/>
    <property name="java.runtime.name" value="Java(TM) SE Runtime Environment"/>
    <property name="file.encoding" value="Cp1252"/>
    <property name="java.vm.name" value="Java HotSpot(TM) 64-Bit Server VM"/>
    <property name="localRepository" value="C:\Users\tirus\.m2\repository"/>
    <property name="java.vendor.url.bug" value="https://bugreport.java.com/bugreport/"/>
    <property name="java.io.tmpdir" value="C:\Users\tirus\AppData\Local\Temp\"/>
    <property name="java.version" value="17.0.7"/>
    <property name="user.dir" value="C:\Suguna\Interview\04252024-workspace\SeleniumAutomationSalesForcePOM"/>
    <property name="os.arch" value="amd64"/>
    <property name="java.vm.specification.name" value="Java Virtual Machine Specification"/>
    <property name="sun.os.patch.level" value=""/>
    <property name="native.encoding" value="Cp1252"/>
    <property name="java.library.path" value="C:\Program Files\Java\jdk-17\bin;C:\WINDOWS\Sun\Java\bin;C:\WINDOWS\system32;C:\WINDOWS;C:\Program Files\Common Files\Oracle\Java\javapath;C:\WINDOWS\system32;C:\WINDOWS;C:\WINDOWS\System32\Wbem;C:\WINDOWS\System32\WindowsPowerShell\v1.0\;C:\WINDOWS\System32\OpenSSH\;C:\Software\apache-maven-3.9.2-bin\apache-maven-3.9.2\bin;C:\Software\gradle-8.1.1-bin\gradle-8.1.1\bin;C:\Program Files\Git\cmd;C:\Program Files\HP\HP One Agent;C:\Program Files\Java\jdk-17\bin;C:\Users\tirus\AppData\Local\Microsoft\WindowsApps;C:\Software\gradle-8.1.1-bin\gradle-8.1.1\bin;C:\Software\apache-maven-3.9.2-bin\apache-maven-3.9.2\bin;C:\Users\tirus\AppData\Local\Google\Cloud SDK\google-cloud-sdk\bin;;."/>
    <property name="java.vm.info" value="mixed mode, sharing"/>
    <property name="java.vendor" value="Oracle Corporation"/>
    <property name="java.vm.version" value="17.0.7+8-LTS-224"/>
    <property name="sun.io.unicode.encoding" value="UnicodeLittle"/>
    <property name="java.class.version" value="61.0"/>
  </properties>
  <testcase name="forgotpwd_invalid" classname="com.automation.test.LoginScripts" time="4.342">
    <system-out><![CDATA[2024-10-23 19:59:27,332 INFO  SalesForceListenerUtility.java:22 - SalesForceLoginTest started...............
2024-10-23 19:59:27,603 INFO  BaseTest.java:45 - ************setupbeforemetod**********
https://login.salesforce.com/is entered
2024-10-23 19:59:35,051 INFO  SalesForceListenerUtility.java:36 - forgotpwd_invalid started..................
login button button is clicked
data is entered in the Forgot User Name
login button button is clicked
2024-10-23 19:59:39,368 INFO  LoginScripts.java:112 - Completed test exectuion of forgotpwd_invalid
2024-10-23 19:59:39,373 INFO  SalesForceListenerUtility.java:42 - forgotpwd_invalid ended with success......................
]]></system-out>
    <system-err><![CDATA[SLF4J(W): No SLF4J providers were found.
SLF4J(W): Defaulting to no-operation (NOP) logger implementation
SLF4J(W): See https://www.slf4j.org/codes.html#noProviders for further details.
Starting ChromeDriver 129.0.6668.100 (cf58cba358d31ce285c1970a79a9411d0fb381a5-refs/branch-heads/6668@{#1704}) on port 27496
Only local connections are allowed.
Please see https://chromedriver.chromium.org/security-considerations for suggestions on keeping ChromeDriver safe.
ChromeDriver was started successfully on port 27496.
Oct 23, 2024 7:59:29 PM org.openqa.selenium.remote.ProtocolHandshake createSession
INFO: Detected dialect: W3C
]]></system-err>
  </testcase>
  <testcase name="rememberme_Login" classname="com.automation.test.LoginScripts" time="9.96">
    <system-out><![CDATA[2024-10-23 19:59:39,602 INFO  BaseTest.java:55 - teardown after test method
2024-10-23 19:59:39,607 INFO  BaseTest.java:45 - ************setupbeforemetod**********
https://login.salesforce.com/is entered
2024-10-23 19:59:46,559 INFO  SalesForceListenerUtility.java:36 - rememberme_Login started..................
data is entered in the User Name
data is entered in the password
login button button is clicked
login button button is clicked
user nav button button is clicked
2024-10-23 19:59:56,514 INFO  LoginScripts.java:88 - Logout button is clicked
2024-10-23 19:59:56,515 INFO  LoginScripts.java:89 - Completed test exectuion of rememberme_Login
2024-10-23 19:59:56,516 INFO  SalesForceListenerUtility.java:42 - rememberme_Login ended with success......................
]]></system-out>
    <system-err><![CDATA[Starting ChromeDriver 129.0.6668.100 (cf58cba358d31ce285c1970a79a9411d0fb381a5-refs/branch-heads/6668@{#1704}) on port 36863
Only local connections are allowed.
Please see https://chromedriver.chromium.org/security-considerations for suggestions on keeping ChromeDriver safe.
ChromeDriver was started successfully on port 36863.
Oct 23, 2024 7:59:41 PM org.openqa.selenium.remote.ProtocolHandshake createSession
INFO: Detected dialect: W3C
]]></system-err>
  </testcase>
  <testcase name="valid_Login" classname="com.automation.test.LoginScripts" time="5.336">
    <system-out><![CDATA[2024-10-23 19:59:56,693 INFO  BaseTest.java:55 - teardown after test method
2024-10-23 19:59:56,697 INFO  BaseTest.java:45 - ************setupbeforemetod**********
https://login.salesforce.com/is entered
2024-10-23 20:00:03,119 INFO  SalesForceListenerUtility.java:36 - valid_Login started..................
data is entered in the User Name
data is entered in the password
login button button is clicked
2024-10-23 20:00:08,452 INFO  LoginScripts.java:36 - Completed test exectuion of valid_Login
2024-10-23 20:00:08,453 INFO  SalesForceListenerUtility.java:42 - valid_Login ended with success......................
]]></system-out>
    <system-err><![CDATA[[1729727996.610][SEVERE]: Unable to receive message from renderer
Starting ChromeDriver 129.0.6668.100 (cf58cba358d31ce285c1970a79a9411d0fb381a5-refs/branch-heads/6668@{#1704}) on port 62988
Only local connections are allowed.
Please see https://chromedriver.chromium.org/security-considerations for suggestions on keeping ChromeDriver safe.
ChromeDriver was started successfully on port 62988.
Oct 23, 2024 7:59:57 PM org.openqa.selenium.remote.ProtocolHandshake createSession
INFO: Detected dialect: W3C
]]></system-err>
  </testcase>
  <testcase name="invalid_Login" classname="com.automation.test.LoginScripts" time="10.945">
    <system-out><![CDATA[2024-10-23 20:00:08,644 INFO  BaseTest.java:55 - teardown after test method
2024-10-23 20:00:08,647 INFO  BaseTest.java:45 - ************setupbeforemetod**********
https://login.salesforce.com/is entered
2024-10-23 20:00:15,042 INFO  SalesForceListenerUtility.java:36 - invalid_Login started..................
data is entered in the User Name
data is entered in the password
login button button is clicked
2024-10-23 20:00:25,984 INFO  LoginScripts.java:59 - Completed test exectuion of valid_Login
2024-10-23 20:00:25,986 INFO  SalesForceListenerUtility.java:42 - invalid_Login ended with success......................
]]></system-out>
    <system-err><![CDATA[[1729728008.543][SEVERE]: Unable to receive message from renderer
Starting ChromeDriver 129.0.6668.100 (cf58cba358d31ce285c1970a79a9411d0fb381a5-refs/branch-heads/6668@{#1704}) on port 51146
Only local connections are allowed.
Please see https://chromedriver.chromium.org/security-considerations for suggestions on keeping ChromeDriver safe.
ChromeDriver was started successfully on port 51146.
Oct 23, 2024 8:00:09 PM org.openqa.selenium.remote.ProtocolHandshake createSession
INFO: Detected dialect: W3C
]]></system-err>
  </testcase>
  <testcase name="forgotpwd_validation" classname="com.automation.test.LoginScripts" time="3.557">
    <system-out><![CDATA[2024-10-23 20:00:26,154 INFO  BaseTest.java:55 - teardown after test method
2024-10-23 20:00:26,157 INFO  BaseTest.java:45 - ************setupbeforemetod**********
https://login.salesforce.com/is entered
2024-10-23 20:00:32,561 INFO  SalesForceListenerUtility.java:36 - forgotpwd_validation started..................
data is entered in the User Name
data is entered in the password
login button button is clicked
2024-10-23 20:00:36,116 INFO  LoginScripts.java:140 - Completed test exectuion of forgotpwd_valid
2024-10-23 20:00:36,117 INFO  SalesForceListenerUtility.java:42 - forgotpwd_validation ended with success......................
]]></system-out>
    <system-err><![CDATA[Starting ChromeDriver 129.0.6668.100 (cf58cba358d31ce285c1970a79a9411d0fb381a5-refs/branch-heads/6668@{#1704}) on port 45738
Only local connections are allowed.
Please see https://chromedriver.chromium.org/security-considerations for suggestions on keeping ChromeDriver safe.
ChromeDriver was started successfully on port 45738.
Oct 23, 2024 8:00:27 PM org.openqa.selenium.remote.ProtocolHandshake createSession
INFO: Detected dialect: W3C
]]></system-err>
  </testcase>
  <testcase name="check_LeadTabLink" classname="com.automation.test.LeadScripts" time="8.296">
    <system-out><![CDATA[2024-10-23 20:00:36,287 INFO  BaseTest.java:55 - teardown after test method
2024-10-23 20:00:36,289 INFO  SalesForceListenerUtility.java:28 - SalesForceLoginTest ended.................
2024-10-23 20:00:36,727 INFO  SalesForceListenerUtility.java:22 - SalesForceLeadTest started...............
2024-10-23 20:00:36,734 INFO  BaseTest.java:45 - ************setupbeforemetod**********
https://login.salesforce.com/is entered
2024-10-23 20:00:43,124 INFO  SalesForceListenerUtility.java:36 - check_LeadTabLink started..................
data is entered in the User Name
data is entered in the password
login button button is clicked
login button button is clicked
2024-10-23 20:00:51,411 INFO  LeadScripts.java:41 - Completed test exectuion of check_LeadTabLink
2024-10-23 20:00:51,411 INFO  SalesForceListenerUtility.java:42 - check_LeadTabLink ended with success......................
]]></system-out>
    <system-err><![CDATA[Starting ChromeDriver 129.0.6668.100 (cf58cba358d31ce285c1970a79a9411d0fb381a5-refs/branch-heads/6668@{#1704}) on port 11998
Only local connections are allowed.
Please see https://chromedriver.chromium.org/security-considerations for suggestions on keeping ChromeDriver safe.
ChromeDriver was started successfully on port 11998.
Oct 23, 2024 8:00:37 PM org.openqa.selenium.remote.ProtocolHandshake createSession
INFO: Detected dialect: W3C
]]></system-err>
  </testcase>
  <testcase name="new_TodaysLeadSave" classname="com.automation.test.LeadScripts" time="7.963">
    <system-out><![CDATA[2024-10-23 20:00:51,671 INFO  BaseTest.java:55 - teardown after test method
2024-10-23 20:00:51,672 INFO  BaseTest.java:45 - ************setupbeforemetod**********
https://login.salesforce.com/is entered
2024-10-23 20:00:58,085 INFO  SalesForceListenerUtility.java:36 - new_TodaysLeadSave started..................
data is entered in the User Name
data is entered in the password
login button button is clicked
login button button is clicked
new button button is clicked
data is entered in the Last name
data is entered in the Company name
Save Button button is clicked
2024-10-23 20:01:06,045 INFO  LeadScripts.java:151 - Completed test exectuion of new_TodaysLeadSave
2024-10-23 20:01:06,046 INFO  SalesForceListenerUtility.java:42 - new_TodaysLeadSave ended with success......................
]]></system-out>
    <system-err><![CDATA[[1729728051.513][SEVERE]: Unable to receive message from renderer
Starting ChromeDriver 129.0.6668.100 (cf58cba358d31ce285c1970a79a9411d0fb381a5-refs/branch-heads/6668@{#1704}) on port 45761
Only local connections are allowed.
Please see https://chromedriver.chromium.org/security-considerations for suggestions on keeping ChromeDriver safe.
ChromeDriver was started successfully on port 45761.
Oct 23, 2024 8:00:52 PM org.openqa.selenium.remote.ProtocolHandshake createSession
INFO: Detected dialect: W3C
]]></system-err>
  </testcase>
  <testcase name="select_TodaysLead" classname="com.automation.test.LeadScripts" time="10.305">
    <system-out><![CDATA[2024-10-23 20:01:06,216 INFO  BaseTest.java:55 - teardown after test method
2024-10-23 20:01:06,218 INFO  BaseTest.java:45 - ************setupbeforemetod**********
https://login.salesforce.com/is entered
2024-10-23 20:01:12,646 INFO  SalesForceListenerUtility.java:36 - select_TodaysLead started..................
data is entered in the User Name
data is entered in the password
login button button is clicked
login button button is clicked
viewlead button is clicked
Go button button is clicked
2024-10-23 20:01:22,944 INFO  LeadScripts.java:123 - Completed test exectuion of select_TodaysLead
2024-10-23 20:01:22,946 INFO  SalesForceListenerUtility.java:42 - select_TodaysLead ended with success......................
]]></system-out>
    <system-err><![CDATA[Starting ChromeDriver 129.0.6668.100 (cf58cba358d31ce285c1970a79a9411d0fb381a5-refs/branch-heads/6668@{#1704}) on port 61051
Only local connections are allowed.
Please see https://chromedriver.chromium.org/security-considerations for suggestions on keeping ChromeDriver safe.
ChromeDriver was started successfully on port 61051.
Oct 23, 2024 8:01:07 PM org.openqa.selenium.remote.ProtocolHandshake createSession
INFO: Detected dialect: W3C
]]></system-err>
  </testcase>
  <testcase name="check_LeadsSelectView" classname="com.automation.test.LeadScripts" time="7.059">
    <failure message="class com.automation.pages.leadPage.LeadPage cannot be cast to class org.openqa.selenium.WebElement (com.automation.pages.leadPage.LeadPage and org.openqa.selenium.WebElement are in unnamed module of loader &apos;app&apos;)" type="java.lang.ClassCastException"><![CDATA[java.lang.ClassCastException: class com.automation.pages.leadPage.LeadPage cannot be cast to class org.openqa.selenium.WebElement (com.automation.pages.leadPage.LeadPage and org.openqa.selenium.WebElement are in unnamed module of loader 'app')
	at com.automation.test.LeadScripts.check_LeadsSelectView(LeadScripts.java:69)
	at java.base/jdk.internal.reflect.NativeMethodAccessorImpl.invoke0(Native Method)
	at java.base/jdk.internal.reflect.NativeMethodAccessorImpl.invoke(NativeMethodAccessorImpl.java:77)
	at java.base/jdk.internal.reflect.DelegatingMethodAccessorImpl.invoke(DelegatingMethodAccessorImpl.java:43)
	at java.base/java.lang.reflect.Method.invoke(Method.java:568)
	at org.testng.internal.invokers.MethodInvocationHelper.invokeMethod(MethodInvocationHelper.java:141)
	at org.testng.internal.invokers.TestInvoker.invokeMethod(TestInvoker.java:686)
	at org.testng.internal.invokers.TestInvoker.invokeTestMethod(TestInvoker.java:230)
	at org.testng.internal.invokers.MethodRunner.runInSequence(MethodRunner.java:63)
	at org.testng.internal.invokers.TestInvoker$MethodInvocationAgent.invoke(TestInvoker.java:992)
	at org.testng.internal.invokers.TestInvoker.invokeTestMethods(TestInvoker.java:203)
	at org.testng.internal.invokers.TestMethodWorker.invokeTestMethods(TestMethodWorker.java:154)
	at org.testng.internal.invokers.TestMethodWorker.run(TestMethodWorker.java:134)
	at java.base/java.util.ArrayList.forEach(ArrayList.java:1511)
	at org.testng.TestRunner.privateRun(TestRunner.java:739)
	at org.testng.TestRunner.run(TestRunner.java:614)
	at org.testng.SuiteRunner.runTest(SuiteRunner.java:421)
	at org.testng.SuiteRunner.runSequentially(SuiteRunner.java:413)
	at org.testng.SuiteRunner.privateRun(SuiteRunner.java:373)
	at org.testng.SuiteRunner.run(SuiteRunner.java:312)
	at org.testng.SuiteRunnerWorker.runSuite(SuiteRunnerWorker.java:52)
	at org.testng.SuiteRunnerWorker.run(SuiteRunnerWorker.java:95)
	at org.testng.TestNG.runSuitesSequentially(TestNG.java:1274)
	at org.testng.TestNG.runSuitesLocally(TestNG.java:1208)
	at org.testng.TestNG.runSuites(TestNG.java:1112)
	at org.testng.TestNG.run(TestNG.java:1079)
	at org.apache.maven.surefire.testng.TestNGExecutor.run(TestNGExecutor.java:308)
	at org.apache.maven.surefire.testng.TestNGXmlTestSuite.execute(TestNGXmlTestSuite.java:71)
	at org.apache.maven.surefire.testng.TestNGProvider.invoke(TestNGProvider.java:113)
	at org.apache.maven.surefire.booter.ForkedBooter.runSuitesInProcess(ForkedBooter.java:385)
	at org.apache.maven.surefire.booter.ForkedBooter.execute(ForkedBooter.java:162)
	at org.apache.maven.surefire.booter.ForkedBooter.run(ForkedBooter.java:507)
	at org.apache.maven.surefire.booter.ForkedBooter.main(ForkedBooter.java:495)
]]></failure>
    <system-out><![CDATA[2024-10-23 20:01:23,142 INFO  BaseTest.java:55 - teardown after test method
2024-10-23 20:01:23,149 INFO  BaseTest.java:45 - ************setupbeforemetod**********
https://login.salesforce.com/is entered
2024-10-23 20:01:29,571 INFO  SalesForceListenerUtility.java:36 - check_LeadsSelectView started..................
data is entered in the User Name
data is entered in the password
login button button is clicked
login button button is clicked
viewlead button is clicked
2024-10-23 20:01:36,205 ERROR SalesForceListenerUtility.java:48 - check_LeadsSelectView ended with failure.....................
screen captured
]]></system-out>
    <system-err><![CDATA[Starting ChromeDriver 129.0.6668.100 (cf58cba358d31ce285c1970a79a9411d0fb381a5-refs/branch-heads/6668@{#1704}) on port 12298
Only local connections are allowed.
Please see https://chromedriver.chromium.org/security-considerations for suggestions on keeping ChromeDriver safe.
ChromeDriver was started successfully on port 12298.
Oct 23, 2024 8:01:24 PM org.openqa.selenium.remote.ProtocolHandshake createSession
INFO: Detected dialect: W3C
]]></system-err>
  </testcase>
  <testcase name="test_OppPipelineReport" classname="com.automation.test.OpportunityScripts" time="8.487">
    <system-out><![CDATA[2024-10-23 20:01:36,849 INFO  BaseTest.java:55 - teardown after test method
2024-10-23 20:01:36,851 INFO  SalesForceListenerUtility.java:28 - SalesForceLeadTest ended.................
2024-10-23 20:01:37,040 INFO  SalesForceListenerUtility.java:22 - SalesForceOportunityTest started...............
2024-10-23 20:01:37,044 INFO  BaseTest.java:45 - ************setupbeforemetod**********
https://login.salesforce.com/is entered
2024-10-23 20:01:43,535 INFO  SalesForceListenerUtility.java:36 - test_OppPipelineReport started..................
data is entered in the User Name
data is entered in the password
login button button is clicked
Opportunity Tab button is clicked
Opportunity pipeline button is clicked
2024-10-23 20:01:52,019 INFO  OpportunityScripts.java:42 - Completed test exectuion of test_OppPipelineReport
2024-10-23 20:01:52,020 INFO  SalesForceListenerUtility.java:42 - test_OppPipelineReport ended with success......................
]]></system-out>
    <system-err><![CDATA[Starting ChromeDriver 129.0.6668.100 (cf58cba358d31ce285c1970a79a9411d0fb381a5-refs/branch-heads/6668@{#1704}) on port 44126
Only local connections are allowed.
Please see https://chromedriver.chromium.org/security-considerations for suggestions on keeping ChromeDriver safe.
ChromeDriver was started successfully on port 44126.
Oct 23, 2024 8:01:38 PM org.openqa.selenium.remote.ProtocolHandshake createSession
INFO: Detected dialect: W3C
]]></system-err>
  </testcase>
  <testcase name="test_OppStuckReport" classname="com.automation.test.OpportunityScripts" time="6.301">
    <system-out><![CDATA[2024-10-23 20:01:52,208 INFO  BaseTest.java:55 - teardown after test method
2024-10-23 20:01:52,210 INFO  BaseTest.java:45 - ************setupbeforemetod**********
https://login.salesforce.com/is entered
2024-10-23 20:01:58,643 INFO  SalesForceListenerUtility.java:36 - test_OppStuckReport started..................
data is entered in the User Name
data is entered in the password
login button button is clicked
Opportunity Tab button is clicked
Opportunity pipeline button is clicked
2024-10-23 20:02:04,941 INFO  OpportunityScripts.java:70 - Completed test exectuion of test_OppStuckReport
2024-10-23 20:02:04,942 INFO  SalesForceListenerUtility.java:42 - test_OppStuckReport ended with success......................
]]></system-out>
    <system-err><![CDATA[Starting ChromeDriver 129.0.6668.100 (cf58cba358d31ce285c1970a79a9411d0fb381a5-refs/branch-heads/6668@{#1704}) on port 28692
Only local connections are allowed.
Please see https://chromedriver.chromium.org/security-considerations for suggestions on keeping ChromeDriver safe.
ChromeDriver was started successfully on port 28692.
Oct 23, 2024 8:01:53 PM org.openqa.selenium.remote.ProtocolHandshake createSession
INFO: Detected dialect: W3C
]]></system-err>
  </testcase>
</testsuite>